#
# A fatal error has been detected by the Java Runtime Environment:
#
#  EXCEPTION_ACCESS_VIOLATION (0xc0000005) at pc=0x00007ffa54b661a6, pid=72836, tid=332236
#
# JRE version: OpenJDK Runtime Environment Temurin-17.0.1+12 (17.0.1+12) (build 17.0.1+12)
# Java VM: OpenJDK 64-Bit Server VM Temurin-17.0.1+12 (17.0.1+12, mixed mode, tiered, compressed oops, compressed class ptrs, g1 gc, windows-amd64)
# Problematic frame:
# V  [jvm.dll+0x3861a6]
#
# No core dump will be written. Minidumps are not enabled by default on client versions of Windows
#
# If you would like to submit a bug report, please visit:
#   https://github.com/adoptium/adoptium-support/issues
#

---------------  S U M M A R Y ------------

Command Line: -ea -Dfile.encoding=UTF-8 -XX:+ShowCodeDetailsInExceptionMessages org.eclipse.jdt.internal.junit.runner.RemoteTestRunner -version 3 -port 52492 -testLoaderClass org.eclipse.jdt.internal.junit5.runner.JUnit5TestLoader -loaderpluginname org.eclipse.jdt.junit5.runtime -classNames com.openclassrooms.tourguide.TestPerformance

Host: Intel(R) Core(TM) i7-7500U CPU @ 2.70GHz, 4 cores, 15G,  Windows 10 , 64 bit Build 19041 (10.0.19041.3636)
Time: Fri Feb 16 09:51:59 2024 Paris, Madrid elapsed time: 136.504459 seconds (0d 0h 2m 16s)

---------------  T H R E A D  ---------------

Current thread (0x0000013d67577430):  JavaThread "pool-80751-thread-1" [_thread_in_vm, id=332236, stack(0x0000001b1e800000,0x0000001b1e900000)]

Stack: [0x0000001b1e800000,0x0000001b1e900000],  sp=0x0000001b1e8ff440,  free space=1021k
Native frames: (J=compiled Java code, j=interpreted, Vv=VM code, C=native code)
V  [jvm.dll+0x3861a6]
V  [jvm.dll+0x674402]
V  [jvm.dll+0x386dfb]
V  [jvm.dll+0x387087]
V  [jvm.dll+0x40d071]
V  [jvm.dll+0x7e3f5b]
V  [jvm.dll+0x7de51a]
